<?xml version="1.0" encoding="UTF-8"?>
<coverage generated="1746715256902" clover="3.2.0">
  <project timestamp="1746715256902" name="All files">
    <metrics statements="8" coveredstatements="6" conditionals="4" coveredconditionals="1" methods="2" coveredmethods="1" elements="14" coveredelements="8" complexity="0" loc="8" ncloc="8" packages="1" files="1" classes="1"/>
    <file name="index.js" path="C:\Users\Vijeyalakshmi\my-pipeline-app\index.js">
      <metrics statements="8" coveredstatements="6" conditionals="4" coveredconditionals="1" methods="2" coveredmethods="1"/>
      <line num="1" count="1" type="stmt"/>
      <line num="2" count="1" type="stmt"/>
      <line num="4" count="1" type="stmt"/>
      <line num="5" count="1" type="stmt"/>
      <line num="8" count="1" type="stmt"/>
      <line num="11" count="1" type="cond" truecount="1" falsecount="1"/>
      <line num="12" count="0" type="cond" truecount="0" falsecount="2"/>
      <line num="13" count="0" type="stmt"/>
    </file>
  </project>
</coverage>
